java.lang.RuntimeException: generate oucur error,templateFile is:${classNameLowerCase} output/service-${serviceModule}-core/src/main/resources/mapper/CateDataMapper.xml => /Users/ghj/Java/MyProject/code-generator-v4/output/catedata output/service-data-core/src/main/resources/mapper/CateDataMapper.xml cause:freemarker.core.InvalidReferenceException: Expression item is undefined on line 34, column 23 in ${classNameLowerCase} output/service-${serviceModule}-core/src/main/resources/mapper/CateDataMapper.xml.
	at cn.org.rapid_framework.generator.Generator$TemplateProcessor.executeGenerate(Generator.java:352)
	at cn.org.rapid_framework.generator.Generator$TemplateProcessor.access$100(Generator.java:308)
	at cn.org.rapid_framework.generator.Generator.scanTemplatesAndProcess(Generator.java:288)
	at cn.org.rapid_framework.generator.Generator.processTemplateRootDirs(Generator.java:216)
	at cn.org.rapid_framework.generator.Generator.generateBy(Generator.java:179)
	at cn.org.rapid_framework.generator.GeneratorFacade$ProcessUtils.processByTable(GeneratorFacade.java:275)
	at cn.org.rapid_framework.generator.GeneratorFacade$ProcessUtils.processByTable(GeneratorFacade.java:243)
	at cn.org.rapid_framework.generator.GeneratorFacade.generateByTable(GeneratorFacade.java:122)
	at rapid.RapidGenerateFiles.main(RapidGenerateFiles.java:21)
Caused by: freemarker.core.InvalidReferenceException: Expression item is undefined on line 34, column 23 in ${classNameLowerCase} output/service-${serviceModule}-core/src/main/resources/mapper/CateDataMapper.xml.
	at freemarker.core.TemplateObject.assertNonNull(TemplateObject.java:124)
	at freemarker.core.TemplateObject.invalidTypeException(TemplateObject.java:134)
	at freemarker.core.Dot._getAsTemplateModel(Dot.java:78)
	at freemarker.core.Expression.getAsTemplateModel(Expression.java:89)
	at freemarker.core.EvaluationUtil.getNumber(EvaluationUtil.java:91)
	at freemarker.core.NumericalOutput.accept(NumericalOutput.java:91)
	at freemarker.core.Environment.visit(Environment.java:210)
	at freemarker.core.MixedContent.accept(MixedContent.java:92)
	at freemarker.core.Environment.visit(Environment.java:210)
	at freemarker.core.Environment.process(Environment.java:190)
	at freemarker.template.Template.process(Template.java:237)
	at cn.org.rapid_framework.generator.Generator$TemplateProcessor.processTemplateForGeneratorControl(Generator.java:388)
	at cn.org.rapid_framework.generator.Generator$TemplateProcessor.executeGenerate(Generator.java:340)
	... 8 more
